<?xml version="1.0" encoding="UTF-8"?>
<!-- Generated by org.testng.reporters.JUnitReportReporter -->
<testsuite skipped="0" hostname="TL0020" name="testcase.LoginTest" tests="2" failures="0" timestamp="2023-06-10T18:36:58 IST" time="18.592" errors="0">
  <testcase name="loginTest" time="12.163" classname="testcase.LoginTest"/>
  <system-out/>
  <testcase name="loginTest" time="6.429" classname="testcase.LoginTest"/>
  <system-out/>
</testsuite> <!-- testcase.LoginTest -->
