<?xml version="1.0" encoding="UTF-8"?>
<!-- Generated by org.testng.reporters.JUnitReportReporter -->
<testsuite skipped="0" hostname="TL0020" name="testcase.CreateLeadTest" tests="2" failures="0" timestamp="2023-06-10T18:36:58 IST" time="40.776" errors="0">
  <testcase name="createLeadTest" time="17.030" classname="testcase.CreateLeadTest"/>
  <system-out/>
  <testcase name="createLeadTest" time="23.746" classname="testcase.CreateLeadTest"/>
  <system-out/>
</testsuite> <!-- testcase.CreateLeadTest -->
